build/app/intermediates/manifest_merge_blame_file/debug/manifest-merger-blame-debug-report.txt
1<?xml version="1.0" encoding="utf-8"?>
2<manifest xmlns:android="http://schemas.android.com/apk/res/android"
3    package="com.iqonic.provider"
4    android:versionCode="3"
5    android:versionName="1.1.0" >
6
7    <uses-sdk
8        android:minSdkVersion="20"
9        android:targetSdkVersion="30" />
10    <!--
11         Flutter needs it to communicate with the running application
12         to allow setting breakpoints, to provide hot reload, etc.
13    -->
14    <uses-permission android:name="android.permission.INTERNET" />
14-->src\main\AndroidManifest.xml:3:5-67
14-->src\main\AndroidManifest.xml:3:22-64
15    <uses-permission android:name="android.permission.WRITE_EXTERNAL_STORAGE" />
15-->src\main\AndroidManifest.xml:4:5-80
15-->src\main\AndroidManifest.xml:4:22-78
16    <uses-permission android:name="android.permission.READ_EXTERNAL_STORAGE" />
16-->src\main\AndroidManifest.xml:5:5-79
16-->src\main\AndroidManifest.xml:5:22-77
17    <uses-permission android:name="android.permission.ACCESS_FINE_LOCATION" />
17-->src\main\AndroidManifest.xml:6:5-79
17-->src\main\AndroidManifest.xml:6:22-76
18    <uses-permission android:name="android.permission.ACCESS_COARSE_LOCATION" />
18-->src\main\AndroidManifest.xml:7:5-81
18-->src\main\AndroidManifest.xml:7:22-78
19
20    <queries>
20-->src\main\AndroidManifest.xml:8:5-17:15
21        <intent>
21-->src\main\AndroidManifest.xml:9:9-12:18
22            <action android:name="android.intent.action.VIEW" />
22-->src\main\AndroidManifest.xml:10:13-65
22-->src\main\AndroidManifest.xml:10:21-62
23
24            <data android:scheme="https" />
24-->src\main\AndroidManifest.xml:11:13-44
24-->src\main\AndroidManifest.xml:11:19-41
25        </intent>
26        <intent>
26-->src\main\AndroidManifest.xml:13:9-16:18
27            <action android:name="android.intent.action.SEND" />
27-->src\main\AndroidManifest.xml:14:13-65
27-->src\main\AndroidManifest.xml:14:21-62
28
29            <data android:mimeType="*/*" />
29-->src\main\AndroidManifest.xml:11:13-44
30        </intent>
31        <intent>
31-->[:file_picker] AndroidManifest.xml:10:9-14:18
32            <action android:name="android.intent.action.GET_CONTENT" />
32-->[:file_picker] AndroidManifest.xml:11:13-72
32-->[:file_picker] AndroidManifest.xml:11:21-69
33
34            <data android:mimeType="*/*" />
34-->src\main\AndroidManifest.xml:11:13-44
35        </intent> <!-- For browser content -->
36        <intent>
36-->[com.google.android.gms:play-services-ads-lite:20.1.0] AndroidManifest.xml:30:9-36:18
37            <action android:name="android.intent.action.VIEW" />
37-->src\main\AndroidManifest.xml:10:13-65
37-->src\main\AndroidManifest.xml:10:21-62
38
39            <category android:name="android.intent.category.BROWSABLE" />
39-->[com.google.firebase:firebase-auth:21.0.1] AndroidManifest.xml:37:17-78
39-->[com.google.firebase:firebase-auth:21.0.1] AndroidManifest.xml:37:27-75
40
41            <data android:scheme="https" />
41-->src\main\AndroidManifest.xml:11:13-44
41-->src\main\AndroidManifest.xml:11:19-41
42        </intent> <!-- End of browser content -->
43        <!-- For CustomTabsService -->
44        <intent>
44-->[com.google.android.gms:play-services-ads-lite:20.1.0] AndroidManifest.xml:39:9-41:18
45            <action android:name="android.support.customtabs.action.CustomTabsService" />
45-->[com.google.android.gms:play-services-ads-lite:20.1.0] AndroidManifest.xml:40:13-90
45-->[com.google.android.gms:play-services-ads-lite:20.1.0] AndroidManifest.xml:40:21-87
46        </intent>
47    </queries>
48
49    <uses-permission android:name="android.permission.ACCESS_NETWORK_STATE" /> <!-- Create a unique permission for your app and use it so only your app can receive your OneSignal messages. -->
49-->[:connectivity_plus] AndroidManifest.xml:7:5-79
49-->[:connectivity_plus] AndroidManifest.xml:7:22-76
50    <permission
50-->[com.onesignal:OneSignal:4.6.3] AndroidManifest.xml:7:5-9:47
51        android:name="com.iqonic.provider.permission.C2D_MESSAGE"
51-->[com.onesignal:OneSignal:4.6.3] AndroidManifest.xml:8:9-63
52        android:protectionLevel="signature" />
52-->[com.onesignal:OneSignal:4.6.3] AndroidManifest.xml:9:9-44
53
54    <uses-permission android:name="com.iqonic.provider.permission.C2D_MESSAGE" /> <!-- c2dm RECEIVE are basic requirements for push messages through Google's FCM -->
54-->[com.onesignal:OneSignal:4.6.3] AndroidManifest.xml:11:5-79
54-->[com.onesignal:OneSignal:4.6.3] AndroidManifest.xml:11:22-76
55    <uses-permission android:name="com.google.android.c2dm.permission.RECEIVE" /> <!-- Required, makes sure notifications are delivered on time. -->
55-->[com.onesignal:OneSignal:4.6.3] AndroidManifest.xml:17:5-82
55-->[com.onesignal:OneSignal:4.6.3] AndroidManifest.xml:17:22-79
56    <uses-permission android:name="android.permission.WAKE_LOCK" />
56-->[com.onesignal:OneSignal:4.6.3] AndroidManifest.xml:18:5-68
56-->[com.onesignal:OneSignal:4.6.3] AndroidManifest.xml:18:22-65
57    <!--
58 Required so the device vibrates on receiving a push notification.
59         Vibration settings of the device still apply.
60    -->
61    <uses-permission android:name="android.permission.VIBRATE" />
61-->[com.onesignal:OneSignal:4.6.3] AndroidManifest.xml:23:5-66
61-->[com.onesignal:OneSignal:4.6.3] AndroidManifest.xml:23:22-63
62    <!--
63 Use to restore notifications the user hasn't interacted with.
64         They could be missed notifications if the user reboots their device if this isn't in place.
65    -->
66    <uses-permission android:name="android.permission.RECEIVE_BOOT_COMPLETED" /> <!-- START: ShortcutBadger -->
66-->[com.onesignal:OneSignal:4.6.3] AndroidManifest.xml:29:5-81
66-->[com.onesignal:OneSignal:4.6.3] AndroidManifest.xml:29:22-78
67    <!-- Samsung -->
68    <uses-permission android:name="com.sec.android.provider.badge.permission.READ" />
68-->[com.onesignal:OneSignal:4.6.3] AndroidManifest.xml:31:5-86
68-->[com.onesignal:OneSignal:4.6.3] AndroidManifest.xml:31:22-83
69    <uses-permission android:name="com.sec.android.provider.badge.permission.WRITE" /> <!-- HTC -->
69-->[com.onesignal:OneSignal:4.6.3] AndroidManifest.xml:32:5-87
69-->[com.onesignal:OneSignal:4.6.3] AndroidManifest.xml:32:22-84
70    <uses-permission android:name="com.htc.launcher.permission.READ_SETTINGS" />
70-->[com.onesignal:OneSignal:4.6.3] AndroidManifest.xml:33:5-81
70-->[com.onesignal:OneSignal:4.6.3] AndroidManifest.xml:33:22-78
71    <uses-permission android:name="com.htc.launcher.permission.UPDATE_SHORTCUT" /> <!-- Sony -->
71-->[com.onesignal:OneSignal:4.6.3] AndroidManifest.xml:34:5-83
71-->[com.onesignal:OneSignal:4.6.3] AndroidManifest.xml:34:22-80
72    <uses-permission android:name="com.sonyericsson.home.permission.BROADCAST_BADGE" />
72-->[com.onesignal:OneSignal:4.6.3] AndroidManifest.xml:35:5-88
72-->[com.onesignal:OneSignal:4.6.3] AndroidManifest.xml:35:22-85
73    <uses-permission android:name="com.sonymobile.home.permission.PROVIDER_INSERT_BADGE" /> <!-- Apex -->
73-->[com.onesignal:OneSignal:4.6.3] AndroidManifest.xml:36:5-92
73-->[com.onesignal:OneSignal:4.6.3] AndroidManifest.xml:36:22-89
74    <uses-permission android:name="com.anddoes.launcher.permission.UPDATE_COUNT" /> <!-- Solid -->
74-->[com.onesignal:OneSignal:4.6.3] AndroidManifest.xml:37:5-84
74-->[com.onesignal:OneSignal:4.6.3] AndroidManifest.xml:37:22-81
75    <uses-permission android:name="com.majeur.launcher.permission.UPDATE_BADGE" /> <!-- Huawei -->
75-->[com.onesignal:OneSignal:4.6.3] AndroidManifest.xml:38:5-83
75-->[com.onesignal:OneSignal:4.6.3] AndroidManifest.xml:38:22-80
76    <uses-permission android:name="com.huawei.android.launcher.permission.CHANGE_BADGE" />
76-->[com.onesignal:OneSignal:4.6.3] AndroidManifest.xml:39:5-91
76-->[com.onesignal:OneSignal:4.6.3] AndroidManifest.xml:39:22-88
77    <uses-permission android:name="com.huawei.android.launcher.permission.READ_SETTINGS" />
77-->[com.onesignal:OneSignal:4.6.3] AndroidManifest.xml:40:5-92
77-->[com.onesignal:OneSignal:4.6.3] AndroidManifest.xml:40:22-89
78    <uses-permission android:name="com.huawei.android.launcher.permission.WRITE_SETTINGS" /> <!-- ZUK -->
78-->[com.onesignal:OneSignal:4.6.3] AndroidManifest.xml:41:5-93
78-->[com.onesignal:OneSignal:4.6.3] AndroidManifest.xml:41:22-90
79    <uses-permission android:name="android.permission.READ_APP_BADGE" /> <!-- OPPO -->
79-->[com.onesignal:OneSignal:4.6.3] AndroidManifest.xml:42:5-73
79-->[com.onesignal:OneSignal:4.6.3] AndroidManifest.xml:42:22-70
80    <uses-permission android:name="com.oppo.launcher.permission.READ_SETTINGS" />
80-->[com.onesignal:OneSignal:4.6.3] AndroidManifest.xml:43:5-82
80-->[com.onesignal:OneSignal:4.6.3] AndroidManifest.xml:43:22-79
81    <uses-permission android:name="com.oppo.launcher.permission.WRITE_SETTINGS" /> <!-- EvMe -->
81-->[com.onesignal:OneSignal:4.6.3] AndroidManifest.xml:44:5-83
81-->[com.onesignal:OneSignal:4.6.3] AndroidManifest.xml:44:22-80
82    <uses-permission android:name="me.everything.badger.permission.BADGE_COUNT_READ" />
82-->[com.onesignal:OneSignal:4.6.3] AndroidManifest.xml:45:5-88
82-->[com.onesignal:OneSignal:4.6.3] AndroidManifest.xml:45:22-85
83    <uses-permission android:name="me.everything.badger.permission.BADGE_COUNT_WRITE" />
83-->[com.onesignal:OneSignal:4.6.3] AndroidManifest.xml:46:5-89
83-->[com.onesignal:OneSignal:4.6.3] AndroidManifest.xml:46:22-86
84    <uses-permission android:name="android.permission.FOREGROUND_SERVICE" />
84-->[androidx.work:work-runtime:2.7.1] AndroidManifest.xml:28:5-77
84-->[androidx.work:work-runtime:2.7.1] AndroidManifest.xml:28:22-74
85
86    <application
86-->src\main\AndroidManifest.xml:18:4-65:19
87        android:name="androidx.multidex.MultiDexApplication"
88        android:appComponentFactory="androidx.core.app.CoreComponentFactory"
88-->[androidx.core:core:1.6.0] AndroidManifest.xml:24:18-86
89        android:debuggable="true"
90        android:icon="@mipmap/ic_launcher"
90-->src\main\AndroidManifest.xml:20:9-43
91        android:label="Provider" >
91-->src\main\AndroidManifest.xml:19:9-33
92        <activity
92-->src\main\AndroidManifest.xml:21:9-54:20
93            android:name="com.iqonic.provider.MainActivity"
93-->src\main\AndroidManifest.xml:22:13-41
94            android:configChanges="orientation|keyboardHidden|keyboard|screenSize|smallestScreenSize|locale|layoutDirection|fontScale|screenLayout|density|uiMode"
94-->src\main\AndroidManifest.xml:25:13-163
95            android:hardwareAccelerated="true"
95-->src\main\AndroidManifest.xml:26:13-47
96            android:launchMode="singleTop"
96-->src\main\AndroidManifest.xml:23:13-43
97            android:theme="@style/LaunchTheme"
97-->src\main\AndroidManifest.xml:24:13-47
98            android:windowSoftInputMode="adjustResize" >
98-->src\main\AndroidManifest.xml:27:13-55
99
100            <!--
101                 Specifies an Android theme to apply to this Activity as soon as
102                 the Android process has started. This theme is visible to the user
103                 while the Flutter UI initializes. After that, this theme continues
104                 to determine the Window background behind the Flutter UI.
105            -->
106            <meta-data
106-->src\main\AndroidManifest.xml:32:13-35:17
107                android:name="io.flutter.embedding.android.NormalTheme"
107-->src\main\AndroidManifest.xml:33:15-70
108                android:resource="@style/NormalTheme" />
108-->src\main\AndroidManifest.xml:34:15-52
109            <meta-data
109-->src\main\AndroidManifest.xml:36:13-38:74
110                android:name="com.google.firebase.messaging.default_notification_icon"
110-->src\main\AndroidManifest.xml:37:17-87
111                android:resource="@drawable/ic_stat_onesignal_default" />
111-->src\main\AndroidManifest.xml:38:17-71
112            <!--
113                 Displays an Android View that continues showing the launch screen
114                 Drawable until Flutter paints its first frame, then this splash
115                 screen fades out. A splash screen is useful to avoid any visual
116                 gap between the end of Android's launch screen and the painting of
117                 Flutter's first frame.
118            -->
119            <meta-data
119-->src\main\AndroidManifest.xml:44:13-47:17
120                android:name="io.flutter.embedding.android.SplashScreenDrawable"
120-->src\main\AndroidManifest.xml:45:15-79
121                android:resource="@drawable/launch_background" />
121-->src\main\AndroidManifest.xml:46:15-61
122
123            <intent-filter>
123-->src\main\AndroidManifest.xml:49:13-52:29
124                <action android:name="android.intent.action.MAIN" />
124-->src\main\AndroidManifest.xml:50:17-68
124-->src\main\AndroidManifest.xml:50:25-66
125
126                <category android:name="android.intent.category.LAUNCHER" />
126-->src\main\AndroidManifest.xml:51:17-76
126-->src\main\AndroidManifest.xml:51:27-74
127            </intent-filter>
128        </activity>
129        <!--
130             Don't delete the meta-data below.
131             This is used by the Flutter tool to generate GeneratedPluginRegistrant.java
132        -->
133
134        <meta-data
134-->src\main\AndroidManifest.xml:58:9-60:33
135            android:name="flutterEmbedding"
135-->src\main\AndroidManifest.xml:59:13-44
136            android:value="2" />
136-->src\main\AndroidManifest.xml:60:13-30
137        <meta-data
137-->src\main\AndroidManifest.xml:62:8-64:69
138            android:name="com.google.android.gms.ads.APPLICATION_ID"
138-->src\main\AndroidManifest.xml:63:12-68
139            android:value="ca-app-pub-3940256099942544~3347511713" />
139-->src\main\AndroidManifest.xml:64:12-66
140
141        <activity
141-->[:url_launcher_android] AndroidManifest.xml:8:9-11:74
142            android:name="io.flutter.plugins.urllauncher.WebViewActivity"
142-->[:url_launcher_android] AndroidManifest.xml:9:13-74
143            android:exported="false"
143-->[:url_launcher_android] AndroidManifest.xml:10:13-37
144            android:theme="@android:style/Theme.NoTitleBar.Fullscreen" />
144-->[:url_launcher_android] AndroidManifest.xml:11:13-71
145
146        <provider
146-->[:image_picker] AndroidManifest.xml:8:9-16:20
147            android:name="io.flutter.plugins.imagepicker.ImagePickerFileProvider"
147-->[:image_picker] AndroidManifest.xml:9:13-82
148            android:authorities="com.iqonic.provider.flutter.image_provider"
148-->[:image_picker] AndroidManifest.xml:10:13-74
149            android:exported="false"
149-->[:image_picker] AndroidManifest.xml:11:13-37
150            android:grantUriPermissions="true" >
150-->[:image_picker] AndroidManifest.xml:12:13-47
151            <meta-data
151-->[:image_picker] AndroidManifest.xml:13:13-15:75
152                android:name="android.support.FILE_PROVIDER_PATHS"
152-->[:image_picker] AndroidManifest.xml:14:17-67
153                android:resource="@xml/flutter_image_picker_file_paths" />
153-->[:image_picker] AndroidManifest.xml:15:17-72
154        </provider>
155
156        <meta-data
156-->[:google_mobile_ads] AndroidManifest.xml:10:9-12:36
157            android:name="io.flutter.embedded_views_preview"
157-->[:google_mobile_ads] AndroidManifest.xml:11:13-61
158            android:value="true" />
158-->[:google_mobile_ads] AndroidManifest.xml:12:13-33
159
160        <service
160-->[:cloud_firestore] AndroidManifest.xml:8:9-12:19
161            android:name="com.google.firebase.components.ComponentDiscoveryService"
161-->[:cloud_firestore] AndroidManifest.xml:8:18-89
162            android:directBootAware="true"
162-->[com.google.firebase:firebase-common:20.0.0] AndroidManifest.xml:35:13-43
163            android:exported="false" >
163-->[com.google.firebase:firebase-crashlytics:18.2.6] AndroidManifest.xml:17:13-37
164            <meta-data
164-->[:cloud_firestore] AndroidManifest.xml:9:13-11:85
165                android:name="com.google.firebase.components:io.flutter.plugins.firebase.firestore.FlutterFirebaseFirestoreRegistrar"
165-->[:cloud_firestore] AndroidManifest.xml:10:17-134
166                android:value="com.google.firebase.components.ComponentRegistrar" />
166-->[:cloud_firestore] AndroidManifest.xml:11:17-82
167            <meta-data
167-->[:firebase_auth] AndroidManifest.xml:9:13-11:85
168                android:name="com.google.firebase.components:io.flutter.plugins.firebase.auth.FlutterFirebaseAuthRegistrar"
168-->[:firebase_auth] AndroidManifest.xml:10:17-124
169                android:value="com.google.firebase.components.ComponentRegistrar" />
169-->[:firebase_auth] AndroidManifest.xml:11:17-82
170            <meta-data
170-->[:firebase_database] AndroidManifest.xml:9:13-11:85
171                android:name="com.google.firebase.components:io.flutter.plugins.firebase.database.FlutterFirebaseAppRegistrar"
171-->[:firebase_database] AndroidManifest.xml:10:17-127
172                android:value="com.google.firebase.components.ComponentRegistrar" />
172-->[:firebase_database] AndroidManifest.xml:11:17-82
173            <meta-data
173-->[:firebase_storage] AndroidManifest.xml:9:13-11:85
174                android:name="com.google.firebase.components:io.flutter.plugins.firebase.storage.FlutterFirebaseAppRegistrar"
174-->[:firebase_storage] AndroidManifest.xml:10:17-126
175                android:value="com.google.firebase.components.ComponentRegistrar" />
175-->[:firebase_storage] AndroidManifest.xml:11:17-82
176            <meta-data
176-->[:firebase_crashlytics] AndroidManifest.xml:9:13-11:85
177                android:name="com.google.firebase.components:io.flutter.plugins.firebase.crashlytics.FlutterFirebaseAppRegistrar"
177-->[:firebase_crashlytics] AndroidManifest.xml:10:17-130
178                android:value="com.google.firebase.components.ComponentRegistrar" />
178-->[:firebase_crashlytics] AndroidManifest.xml:11:17-82
179            <meta-data
179-->[:firebase_core] AndroidManifest.xml:9:13-11:85
180                android:name="com.google.firebase.components:io.flutter.plugins.firebase.core.FlutterFirebaseCoreRegistrar"
180-->[:firebase_core] AndroidManifest.xml:10:17-124
181                android:value="com.google.firebase.components.ComponentRegistrar" />
181-->[:firebase_core] AndroidManifest.xml:11:17-82
182            <meta-data
182-->[com.google.firebase:firebase-crashlytics:18.2.6] AndroidManifest.xml:18:13-20:85
183                android:name="com.google.firebase.components:com.google.firebase.crashlytics.CrashlyticsRegistrar"
183-->[com.google.firebase:firebase-crashlytics:18.2.6] AndroidManifest.xml:19:17-115
184                android:value="com.google.firebase.components.ComponentRegistrar" />
184-->[com.google.firebase:firebase-crashlytics:18.2.6] AndroidManifest.xml:20:17-82
185            <meta-data
185-->[com.google.firebase:firebase-messaging:23.0.0] AndroidManifest.xml:52:13-54:85
186                android:name="com.google.firebase.components:com.google.firebase.messaging.FirebaseMessagingRegistrar"
186-->[com.google.firebase:firebase-messaging:23.0.0] AndroidManifest.xml:53:17-119
187                android:value="com.google.firebase.components.ComponentRegistrar" />
187-->[com.google.firebase:firebase-messaging:23.0.0] AndroidManifest.xml:54:17-82
188            <meta-data
188-->[com.google.firebase:firebase-datatransport:18.0.0] AndroidManifest.xml:28:13-30:85
189                android:name="com.google.firebase.components:com.google.firebase.datatransport.TransportRegistrar"
189-->[com.google.firebase:firebase-datatransport:18.0.0] AndroidManifest.xml:29:17-115
190                android:value="com.google.firebase.components.ComponentRegistrar" />
190-->[com.google.firebase:firebase-datatransport:18.0.0] AndroidManifest.xml:30:17-82
191            <meta-data
191-->[com.google.firebase:firebase-auth:21.0.1] AndroidManifest.xml:77:13-79:85
192                android:name="com.google.firebase.components:com.google.firebase.auth.FirebaseAuthRegistrar"
192-->[com.google.firebase:firebase-auth:21.0.1] AndroidManifest.xml:78:17-109
193                android:value="com.google.firebase.components.ComponentRegistrar" />
193-->[com.google.firebase:firebase-auth:21.0.1] AndroidManifest.xml:79:17-82
194            <meta-data
194-->[com.google.firebase:firebase-firestore:24.0.0] AndroidManifest.xml:20:13-22:85
195                android:name="com.google.firebase.components:com.google.firebase.firestore.FirestoreRegistrar"
195-->[com.google.firebase:firebase-firestore:24.0.0] AndroidManifest.xml:21:17-111
196                android:value="com.google.firebase.components.ComponentRegistrar" />
196-->[com.google.firebase:firebase-firestore:24.0.0] AndroidManifest.xml:22:17-82
197            <meta-data
197-->[com.google.firebase:firebase-storage:20.0.0] AndroidManifest.xml:33:13-35:85
198                android:name="com.google.firebase.components:com.google.firebase.storage.StorageRegistrar"
198-->[com.google.firebase:firebase-storage:20.0.0] AndroidManifest.xml:34:17-107
199                android:value="com.google.firebase.components.ComponentRegistrar" />
199-->[com.google.firebase:firebase-storage:20.0.0] AndroidManifest.xml:35:17-82
200            <meta-data
200-->[com.google.firebase:firebase-database:20.0.3] AndroidManifest.xml:32:13-34:85
201                android:name="com.google.firebase.components:com.google.firebase.database.DatabaseRegistrar"
201-->[com.google.firebase:firebase-database:20.0.3] AndroidManifest.xml:33:17-109
202                android:value="com.google.firebase.components.ComponentRegistrar" />
202-->[com.google.firebase:firebase-database:20.0.3] AndroidManifest.xml:34:17-82
203            <meta-data
203-->[com.google.firebase:firebase-installations:17.0.0] AndroidManifest.xml:18:13-20:85
204                android:name="com.google.firebase.components:com.google.firebase.installations.FirebaseInstallationsRegistrar"
204-->[com.google.firebase:firebase-installations:17.0.0] AndroidManifest.xml:19:17-127
205                android:value="com.google.firebase.components.ComponentRegistrar" />
205-->[com.google.firebase:firebase-installations:17.0.0] AndroidManifest.xml:20:17-82
206        </service>
207
208        <receiver
208-->[com.onesignal:OneSignal:4.6.3] AndroidManifest.xml:49:9-60:20
209            android:name="com.onesignal.FCMBroadcastReceiver"
209-->[com.onesignal:OneSignal:4.6.3] AndroidManifest.xml:50:13-62
210            android:exported="true"
210-->[com.onesignal:OneSignal:4.6.3] AndroidManifest.xml:51:13-36
211            android:permission="com.google.android.c2dm.permission.SEND" >
211-->[com.onesignal:OneSignal:4.6.3] AndroidManifest.xml:52:13-73
212
213            <!-- High priority so OneSignal payloads can be filtered from other FCM receivers -->
214            <intent-filter android:priority="999" >
214-->[com.onesignal:OneSignal:4.6.3] AndroidManifest.xml:55:13-59:29
214-->[com.onesignal:OneSignal:4.6.3] AndroidManifest.xml:55:28-50
215                <action android:name="com.google.android.c2dm.intent.RECEIVE" />
215-->[com.onesignal:OneSignal:4.6.3] AndroidManifest.xml:56:17-81
215-->[com.onesignal:OneSignal:4.6.3] AndroidManifest.xml:56:25-78
216
217                <category android:name="com.iqonic.provider" />
217-->[com.onesignal:OneSignal:4.6.3] AndroidManifest.xml:58:17-61
217-->[com.onesignal:OneSignal:4.6.3] AndroidManifest.xml:58:27-58
218            </intent-filter>
219        </receiver>
220
221        <service
221-->[com.onesignal:OneSignal:4.6.3] AndroidManifest.xml:62:9-68:19
222            android:name="com.onesignal.HmsMessageServiceOneSignal"
222-->[com.onesignal:OneSignal:4.6.3] AndroidManifest.xml:63:13-68
223            android:exported="false" >
223-->[com.onesignal:OneSignal:4.6.3] AndroidManifest.xml:64:13-37
224            <intent-filter>
224-->[com.onesignal:OneSignal:4.6.3] AndroidManifest.xml:65:13-67:29
225                <action android:name="com.huawei.push.action.MESSAGING_EVENT" />
225-->[com.onesignal:OneSignal:4.6.3] AndroidManifest.xml:66:17-81
225-->[com.onesignal:OneSignal:4.6.3] AndroidManifest.xml:66:25-78
226            </intent-filter>
227        </service>
228
229        <activity
229-->[com.onesignal:OneSignal:4.6.3] AndroidManifest.xml:70:9-78:20
230            android:name="com.onesignal.NotificationOpenedActivityHMS"
230-->[com.onesignal:OneSignal:4.6.3] AndroidManifest.xml:71:13-71
231            android:exported="true"
231-->[com.onesignal:OneSignal:4.6.3] AndroidManifest.xml:72:13-36
232            android:noHistory="true"
232-->[com.onesignal:OneSignal:4.6.3] AndroidManifest.xml:73:13-37
233            android:theme="@android:style/Theme.Translucent.NoTitleBar" >
233-->[com.onesignal:OneSignal:4.6.3] AndroidManifest.xml:74:13-72
234            <intent-filter>
234-->[com.onesignal:OneSignal:4.6.3] AndroidManifest.xml:75:13-77:29
235                <action android:name="android.intent.action.VIEW" />
235-->src\main\AndroidManifest.xml:10:13-65
235-->src\main\AndroidManifest.xml:10:21-62
236            </intent-filter>
237        </activity>
238
239        <service
239-->[com.onesignal:OneSignal:4.6.3] AndroidManifest.xml:80:9-82:40
240            android:name="com.onesignal.FCMIntentService"
240-->[com.onesignal:OneSignal:4.6.3] AndroidManifest.xml:81:13-58
241            android:exported="false" />
241-->[com.onesignal:OneSignal:4.6.3] AndroidManifest.xml:82:13-37
242        <service
242-->[com.onesignal:OneSignal:4.6.3] AndroidManifest.xml:83:9-86:72
243            android:name="com.onesignal.FCMIntentJobService"
243-->[com.onesignal:OneSignal:4.6.3] AndroidManifest.xml:84:13-61
244            android:exported="false"
244-->[com.onesignal:OneSignal:4.6.3] AndroidManifest.xml:85:13-37
245            android:permission="android.permission.BIND_JOB_SERVICE" />
245-->[com.onesignal:OneSignal:4.6.3] AndroidManifest.xml:86:13-69
246        <service
246-->[com.onesignal:OneSignal:4.6.3] AndroidManifest.xml:87:9-90:43
247            android:name="com.onesignal.FocusDelaySyncService"
247-->[com.onesignal:OneSignal:4.6.3] AndroidManifest.xml:88:13-63
248            android:exported="false"
248-->[com.onesignal:OneSignal:4.6.3] AndroidManifest.xml:89:13-37
249            android:stopWithTask="true" />
249-->[com.onesignal:OneSignal:4.6.3] AndroidManifest.xml:90:13-40
250        <service
250-->[com.onesignal:OneSignal:4.6.3] AndroidManifest.xml:91:9-94:72
251            android:name="com.onesignal.FocusDelaySyncJobService"
251-->[com.onesignal:OneSignal:4.6.3] AndroidManifest.xml:92:13-66
252            android:exported="false"
252-->[com.onesignal:OneSignal:4.6.3] AndroidManifest.xml:93:13-37
253            android:permission="android.permission.BIND_JOB_SERVICE" />
253-->[com.onesignal:OneSignal:4.6.3] AndroidManifest.xml:94:13-69
254        <service
254-->[com.onesignal:OneSignal:4.6.3] AndroidManifest.xml:95:9-98:43
255            android:name="com.onesignal.SyncService"
255-->[com.onesignal:OneSignal:4.6.3] AndroidManifest.xml:96:13-53
256            android:exported="false"
256-->[com.onesignal:OneSignal:4.6.3] AndroidManifest.xml:97:13-37
257            android:stopWithTask="true" />
257-->[com.onesignal:OneSignal:4.6.3] AndroidManifest.xml:98:13-40
258        <service
258-->[com.onesignal:OneSignal:4.6.3] AndroidManifest.xml:99:9-102:72
259            android:name="com.onesignal.SyncJobService"
259-->[com.onesignal:OneSignal:4.6.3] AndroidManifest.xml:100:13-56
260            android:exported="false"
260-->[com.onesignal:OneSignal:4.6.3] AndroidManifest.xml:101:13-37
261            android:permission="android.permission.BIND_JOB_SERVICE" />
261-->[com.onesignal:OneSignal:4.6.3] AndroidManifest.xml:102:13-69
262
263        <activity
263-->[com.onesignal:OneSignal:4.6.3] AndroidManifest.xml:104:9-107:75
264            android:name="com.onesignal.PermissionsActivity"
264-->[com.onesignal:OneSignal:4.6.3] AndroidManifest.xml:105:13-61
265            android:exported="false"
265-->[com.onesignal:OneSignal:4.6.3] AndroidManifest.xml:106:13-37
266            android:theme="@android:style/Theme.Translucent.NoTitleBar" />
266-->[com.onesignal:OneSignal:4.6.3] AndroidManifest.xml:107:13-72
267
268        <receiver
268-->[com.onesignal:OneSignal:4.6.3] AndroidManifest.xml:109:9-111:39
269            android:name="com.onesignal.NotificationDismissReceiver"
269-->[com.onesignal:OneSignal:4.6.3] AndroidManifest.xml:110:13-69
270            android:exported="true" />
270-->[com.onesignal:OneSignal:4.6.3] AndroidManifest.xml:111:13-36
271        <receiver
271-->[com.onesignal:OneSignal:4.6.3] AndroidManifest.xml:112:9-119:20
272            android:name="com.onesignal.BootUpReceiver"
272-->[com.onesignal:OneSignal:4.6.3] AndroidManifest.xml:113:13-56
273            android:exported="true" >
273-->[com.onesignal:OneSignal:4.6.3] AndroidManifest.xml:114:13-36
274            <intent-filter>
274-->[com.onesignal:OneSignal:4.6.3] AndroidManifest.xml:115:13-118:29
275                <action android:name="android.intent.action.BOOT_COMPLETED" />
275-->[com.onesignal:OneSignal:4.6.3] AndroidManifest.xml:116:17-79
275-->[com.onesignal:OneSignal:4.6.3] AndroidManifest.xml:116:25-76
276                <action android:name="android.intent.action.QUICKBOOT_POWERON" />
276-->[com.onesignal:OneSignal:4.6.3] AndroidManifest.xml:117:17-82
276-->[com.onesignal:OneSignal:4.6.3] AndroidManifest.xml:117:25-79
277            </intent-filter>
278        </receiver>
279        <receiver
279-->[com.onesignal:OneSignal:4.6.3] AndroidManifest.xml:120:9-126:20
280            android:name="com.onesignal.UpgradeReceiver"
280-->[com.onesignal:OneSignal:4.6.3] AndroidManifest.xml:121:13-57
281            android:exported="true" >
281-->[com.onesignal:OneSignal:4.6.3] AndroidManifest.xml:122:13-36
282            <intent-filter>
282-->[com.onesignal:OneSignal:4.6.3] AndroidManifest.xml:123:13-125:29